[09:31:04] [Client thread/INFO]: LWJGL Version: 2.9.1
[09:31:21] [Client thread/INFO]: Reloading ResourceManager: Default, FMLFileResourcePack:Forge Mod Loader, FMLFileResourcePack:Minecraft Forge, FMLFileResourcePack:Invincible Hamster
[09:31:25] [Sound Library Loader/INFO]: Sound engine started
[09:31:25] [Client thread/INFO]: Created: 512x256 textures/blocks-atlas
[09:31:26] [Client thread/INFO]: Created: 256x256 textures/items-atlas
[09:31:26] [Client thread/INFO]: Reloading ResourceManager: Default, FMLFileResourcePack:Forge Mod Loader, FMLFileResourcePack:Minecraft Forge, FMLFileResourcePack:Invincible Hamster
[09:31:26] [Client thread/INFO]: Created: 256x256 textures/items-atlas
[09:31:26] [Client thread/INFO]: Created: 512x256 textures/blocks-atlas
[09:31:27] [Sound Library Loader/INFO]: Sound engine started
[09:31:28] [Client thread/ERROR]: ########## GL ERROR ##########
[09:31:28] [Client thread/ERROR]: @ Post startup
[09:31:28] [Client thread/ERROR]: 1281: Invalid value
[09:31:51] [Server thread/INFO]: Starting integrated minecraft server version 1.7.10
[09:31:51] [Server thread/INFO]: Generating keypair
[09:31:51] [Server thread/INFO]: Converting map!
[09:31:51] [Server thread/INFO]: Scanning folders...
[09:31:51] [Server thread/INFO]: Total conversion count is 0
[09:31:53] [Server thread/INFO]: Preparing start region for level 0
[09:31:54] [Server thread/INFO]: Preparing spawn area: 30%
[09:31:55] [Server thread/INFO]: Changing view distance to 12, from 10
[09:31:56] [Server thread/INFO]: ForgeDevName[local:E:a07a5122] logged in with entity id 28 at (1705.5, 4.0, -478.5)
[09:31:56] [Server thread/INFO]: ForgeDevName joined the game
[09:32:02] [Server thread/WARN]: Can't keep up! Did the system time change, or is the server overloaded? Running 4393ms behind, skipping 87 tick(s)
[09:32:07] [Server thread/INFO]: Saving and pausing game...
[09:32:07] [Server thread/INFO]: Saving chunks for level 'New World'/Overworld
[09:32:08] [Server thread/INFO]: Saving chunks for level 'New World'/Nether
[09:32:08] [Server thread/INFO]: Saving chunks for level 'New World'/The End
[09:32:18] [Server thread/INFO]: Changing view distance to 2, from 12
[09:32:20] [Server thread/INFO]: ForgeDevName has just earned the achievement [Taking Inventory]
[09:32:20] [Client thread/INFO]: [CHAT] ForgeDevName has just earned the achievement [Taking Inventory]
[09:35:15] [Server thread/INFO]: Saving and pausing game...
[09:35:15] [Server thread/INFO]: Saving chunks for level 'New World'/Overworld
[09:35:15] [Server thread/INFO]: Saving chunks for level 'New World'/Nether
[09:35:15] [Server thread/INFO]: Saving chunks for level 'New World'/The End
[09:36:51] [Server thread/INFO]: Saving and pausing game...
[09:36:51] [Server thread/INFO]: Saving chunks for level 'New World'/Overworld
[09:36:51] [Server thread/INFO]: Saving chunks for level 'New World'/Nether
[09:36:51] [Server thread/INFO]: Saving chunks for level 'New World'/The End
[09:39:52] [Server thread/INFO]: Saving and pausing game...
[09:39:52] [Server thread/INFO]: Saving chunks for level 'New World'/Overworld
[09:39:52] [Server thread/INFO]: Saving chunks for level 'New World'/Nether
[09:39:52] [Server thread/INFO]: Saving chunks for level 'New World'/The End
[09:39:55] [Server thread/INFO]: Stopping server
[09:39:55] [Server thread/INFO]: Saving players
[09:39:55] [Server thread/INFO]: Saving worlds
[09:39:55] [Server thread/INFO]: Saving chunks for level 'New World'/Overworld
[09:39:55] [Server thread/INFO]: Saving chunks for level 'New World'/Nether
[09:39:55] [Server thread/INFO]: Saving chunks for level 'New World'/The End
[09:40:03] [Client thread/INFO]: Stopping!
